<?xml version="1.0" encoding="UTF-8"?>
<testsuite name="org.zerock.guestbook.repository.GuestbookRepositoryTests" tests="1" skipped="0" failures="0" errors="0" timestamp="2022-10-05T04:11:55" hostname="10-5" time="2.106">
  <properties/>
  <testcase name="insertDummies()" classname="org.zerock.guestbook.repository.GuestbookRepositoryTests" time="2.106"/>
  <system-out><![CDATA[13:11:50.825 [Test worker] DEBUG org.springframework.test.context.BootstrapUtils - Instantiating CacheAwareContextLoaderDelegate from class [org.springframework.test.context.cache.DefaultCacheAwareContextLoaderDelegate]
13:11:50.836 [Test worker] DEBUG org.springframework.test.context.BootstrapUtils - Instantiating BootstrapContext using constructor [public org.springframework.test.context.support.DefaultBootstrapContext(java.lang.Class,org.springframework.test.context.CacheAwareContextLoaderDelegate)]
13:11:50.868 [Test worker] DEBUG org.springframework.test.context.BootstrapUtils - Instantiating TestContextBootstrapper for test class [org.zerock.guestbook.repository.GuestbookRepositoryTests] from class [org.springframework.boot.test.context.SpringBootTestContextBootstrapper]
13:11:50.878 [Test worker] INFO org.springframework.boot.test.context.SpringBootTestContextBootstrapper - Neither @ContextConfiguration nor @ContextHierarchy found for test class [org.zerock.guestbook.repository.GuestbookRepositoryTests], using SpringBootContextLoader
13:11:50.882 [Test worker] DEBUG org.springframework.test.context.support.AbstractContextLoader - Did not detect default resource location for test class [org.zerock.guestbook.repository.GuestbookRepositoryTests]: class path resource [org/zerock/guestbook/repository/GuestbookRepositoryTests-context.xml] does not exist
13:11:50.883 [Test worker] DEBUG org.springframework.test.context.support.AbstractContextLoader - Did not detect default resource location for test class [org.zerock.guestbook.repository.GuestbookRepositoryTests]: class path resource [org/zerock/guestbook/repository/GuestbookRepositoryTestsContext.groovy] does not exist
13:11:50.883 [Test worker] INFO org.springframework.test.context.support.AbstractContextLoader - Could not detect default resource locations for test class [org.zerock.guestbook.repository.GuestbookRepositoryTests]: no resource found for suffixes {-context.xml, Context.groovy}.
13:11:50.884 [Test worker] INFO org.springframework.test.context.support.AnnotationConfigContextLoaderUtils - Could not detect default configuration classes for test class [org.zerock.guestbook.repository.GuestbookRepositoryTests]: GuestbookRepositoryTests does not declare any static, non-private, non-final, nested classes annotated with @Configuration.
13:11:50.924 [Test worker] DEBUG org.springframework.test.context.support.ActiveProfilesUtils - Could not find an 'annotation declaring class' for annotation type [org.springframework.test.context.ActiveProfiles] and class [org.zerock.guestbook.repository.GuestbookRepositoryTests]
13:11:50.982 [Test worker] DEBUG org.springframework.context.annotation.ClassPathScanningCandidateComponentProvider - Identified candidate component class: file [D:\workspace\guestbook\build\classes\java\main\org\zerock\guestbook\GuestbookApplication.class]
13:11:50.984 [Test worker] INFO org.springframework.boot.test.context.SpringBootTestContextBootstrapper - Found @SpringBootConfiguration org.zerock.guestbook.GuestbookApplication for test class org.zerock.guestbook.repository.GuestbookRepositoryTests
13:11:51.077 [Test worker] DEBUG org.springframework.boot.test.context.SpringBootTestContextBootstrapper - @TestExecutionListeners is not present for class [org.zerock.guestbook.repository.GuestbookRepositoryTests]: using defaults.
13:11:51.078 [Test worker] INFO org.springframework.boot.test.context.SpringBootTestContextBootstrapper - Loaded default TestExecutionListener class names from location [META-INF/spring.factories]: [org.springframework.boot.test.autoconfigure.restdocs.RestDocsTestExecutionListener, org.springframework.boot.test.autoconfigure.web.client.MockRestServiceServerResetTestExecutionListener, org.springframework.boot.test.autoconfigure.web.servlet.MockMvcPrintOnlyOnFailureTestExecutionListener, org.springframework.boot.test.autoconfigure.web.servlet.WebDriverTestExecutionListener, org.springframework.boot.test.autoconfigure.webservices.client.MockWebServiceServerTestExecutionListener, org.springframework.boot.test.mock.mockito.MockitoTestExecutionListener, org.springframework.boot.test.mock.mockito.ResetMocksTestExecutionListener, org.springframework.test.context.web.ServletTestExecutionListener, org.springframework.test.context.support.DirtiesContextBeforeModesTestExecutionListener, org.springframework.test.context.event.ApplicationEventsTestExecutionListener, org.springframework.test.context.support.DependencyInjectionTestExecutionListener, org.springframework.test.context.support.DirtiesContextTestExecutionListener, org.springframework.test.context.transaction.TransactionalTestExecutionListener, org.springframework.test.context.jdbc.SqlScriptsTestExecutionListener, org.springframework.test.context.event.EventPublishingTestExecutionListener]
13:11:51.103 [Test worker] INFO org.springframework.boot.test.context.SpringBootTestContextBootstrapper - Using TestExecutionListeners: [org.springframework.test.context.web.ServletTestExecutionListener@27a0a5a2, org.springframework.test.context.support.DirtiesContextBeforeModesTestExecutionListener@7692cd34, org.springframework.test.context.event.ApplicationEventsTestExecutionListener@33aa93c, org.springframework.boot.test.mock.mockito.MockitoTestExecutionListener@32c0915e, org.springframework.boot.test.autoconfigure.SpringBootDependencyInjectionTestExecutionListener@106faf11, org.springframework.test.context.support.DirtiesContextTestExecutionListener@70f43b45, org.springframework.test.context.transaction.TransactionalTestExecutionListener@26d10f2e, org.springframework.test.context.jdbc.SqlScriptsTestExecutionListener@10ad20cb, org.springframework.test.context.event.EventPublishingTestExecutionListener@7dd712e8, org.springframework.boot.test.autoconfigure.restdocs.RestDocsTestExecutionListener@2c282004, org.springframework.boot.test.autoconfigure.web.client.MockRestServiceServerResetTestExecutionListener@22ee2d0, org.springframework.boot.test.autoconfigure.web.servlet.MockMvcPrintOnlyOnFailureTestExecutionListener@7bfc3126, org.springframework.boot.test.autoconfigure.web.servlet.WebDriverTestExecutionListener@3e792ce3, org.springframework.boot.test.autoconfigure.webservices.client.MockWebServiceServerTestExecutionListener@53bc1328, org.springframework.boot.test.mock.mockito.ResetMocksTestExecutionListener@26f143ed]
13:11:51.107 [Test worker] DEBUG org.springframework.test.context.support.AbstractDirtiesContextTestExecutionListener - Before test class: context [DefaultTestContext@5b69fd74 testClass = GuestbookRepositoryTests, testInstance = [null], testMethod = [null], testException = [null], mergedContextConfiguration = [WebMergedContextConfiguration@f325091 testClass = GuestbookRepositoryTests, locations = '{}', classes = '{class org.zerock.guestbook.GuestbookApplication}', contextInitializerClasses = '[]', activeProfiles = '{}', propertySourceLocations = '{}', propertySourceProperties = '{org.springframework.boot.test.context.SpringBootTestContextBootstrapper=true}', contextCustomizers = set[org.springframework.boot.test.autoconfigure.actuate.metrics.MetricsExportContextCustomizerFactory$DisableMetricExportContextCustomizer@27305e6, org.springframework.boot.test.autoconfigure.properties.PropertyMappingContextCustomizer@0, org.springframework.boot.test.autoconfigure.web.servlet.WebDriverContextCustomizerFactory$Customizer@6b9ce1bf, org.springframework.boot.test.context.filter.ExcludeFilterContextCustomizer@609640d5, org.springframework.boot.test.json.DuplicateJsonObjectContextCustomizerFactory$DuplicateJsonObjectContextCustomizer@62ea3440, org.springframework.boot.test.mock.mockito.MockitoContextCustomizer@0, org.springframework.boot.test.web.client.TestRestTemplateContextCustomizer@295eaa7c, org.springframework.boot.test.context.SpringBootTestArgs@1, org.springframework.boot.test.context.SpringBootTestWebEnvironment@5f20155b], resourceBasePath = 'src/main/webapp', contextLoader = 'org.springframework.boot.test.context.SpringBootContextLoader', parent = [null]], attributes = map['org.springframework.test.context.web.ServletTestExecutionListener.activateListener' -> true]], class annotated with @DirtiesContext [false] with mode [null].

  .   ____          _            __ _ _
 /\\ / ___'_ __ _ _(_)_ __  __ _ \ \ \ \
( ( )\___ | '_ | '_| | '_ \/ _` | \ \ \ \
 \\/  ___)| |_)| | | | | || (_| |  ) ) ) )
  '  |____| .__|_| |_|_| |_\__, | / / / /
 =========|_|==============|___/=/_/_/_/
 :: Spring Boot ::                (v2.7.3)

2022-10-05 13:11:51.450  INFO 1224 --- [    Test worker] o.z.g.r.GuestbookRepositoryTests         : Starting GuestbookRepositoryTests using Java 11.0.15 on 10-5 with PID 1224 (started by mit in D:\workspace\guestbook)
2022-10-05 13:11:51.452  INFO 1224 --- [    Test worker] o.z.g.r.GuestbookRepositoryTests         : No active profile set, falling back to 1 default profile: "default"
2022-10-05 13:11:52.099  INFO 1224 --- [    Test worker] .s.d.r.c.RepositoryConfigurationDelegate : Bootstrapping Spring Data JPA repositories in DEFAULT mode.
2022-10-05 13:11:52.148  INFO 1224 --- [    Test worker] .s.d.r.c.RepositoryConfigurationDelegate : Finished Spring Data repository scanning in 42 ms. Found 1 JPA repository interfaces.
2022-10-05 13:11:52.743  INFO 1224 --- [    Test worker] o.hibernate.jpa.internal.util.LogHelper  : HHH000204: Processing PersistenceUnitInfo [name: default]
2022-10-05 13:11:52.794  INFO 1224 --- [    Test worker] org.hibernate.Version                    : HHH000412: Hibernate ORM core version 5.6.10.Final
2022-10-05 13:11:52.986  INFO 1224 --- [    Test worker] o.hibernate.annotations.common.Version   : HCANN000001: Hibernate Commons Annotations {5.1.2.Final}
2022-10-05 13:11:53.100  INFO 1224 --- [    Test worker] com.zaxxer.hikari.HikariDataSource       : HikariPool-1 - Starting...
2022-10-05 13:11:53.178  INFO 1224 --- [    Test worker] com.zaxxer.hikari.HikariDataSource       : HikariPool-1 - Start completed.
2022-10-05 13:11:53.209  INFO 1224 --- [    Test worker] org.hibernate.dialect.Dialect            : HHH000400: Using dialect: org.hibernate.dialect.MariaDB103Dialect
2022-10-05 13:11:53.883  INFO 1224 --- [    Test worker] o.h.e.t.j.p.i.JtaPlatformInitiator       : HHH000490: Using JtaPlatform implementation: [org.hibernate.engine.transaction.jta.platform.internal.NoJtaPlatform]
2022-10-05 13:11:53.891  INFO 1224 --- [    Test worker] j.LocalContainerEntityManagerFactoryBean : Initialized JPA EntityManagerFactory for persistence unit 'default'
2022-10-05 13:11:54.533  WARN 1224 --- [    Test worker] JpaBaseConfiguration$JpaWebConfiguration : spring.jpa.open-in-view is enabled by default. Therefore, database queries may be performed during view rendering. Explicitly configure spring.jpa.open-in-view to disable this warning
2022-10-05 13:11:54.855  INFO 1224 --- [    Test worker] o.s.b.a.w.s.WelcomePageHandlerMapping    : Adding welcome page: class path resource [static/index.html]
2022-10-05 13:11:55.220  INFO 1224 --- [    Test worker] o.z.g.r.GuestbookRepositoryTests         : Started GuestbookRepositoryTests in 4.08 seconds (JVM running for 5.323)
Hibernate: 
    insert 
    into
        guestbook
        (moddate, regdate, content, title, writer) 
    values
        (?, ?, ?, ?, ?)
Guestbook(gno=2, title=Title...1, content=Content...1, writer=user1)
Hibernate: 
    insert 
    into
        guestbook
        (moddate, regdate, content, title, writer) 
    values
        (?, ?, ?, ?, ?)
Guestbook(gno=3, title=Title...2, content=Content...2, writer=user2)
Hibernate: 
    insert 
    into
        guestbook
        (moddate, regdate, content, title, writer) 
    values
        (?, ?, ?, ?, ?)
Guestbook(gno=4, title=Title...3, content=Content...3, writer=user3)
Hibernate: 
    insert 
    into
        guestbook
        (moddate, regdate, content, title, writer) 
    values
        (?, ?, ?, ?, ?)
Guestbook(gno=5, title=Title...4, content=Content...4, writer=user4)
Hibernate: 
    insert 
    into
        guestbook
        (moddate, regdate, content, title, writer) 
    values
        (?, ?, ?, ?, ?)
Guestbook(gno=6, title=Title...5, content=Content...5, writer=user5)
Hibernate: 
    insert 
    into
        guestbook
        (moddate, regdate, content, title, writer) 
    values
        (?, ?, ?, ?, ?)
Guestbook(gno=7, title=Title...6, content=Content...6, writer=user6)
Hibernate: 
    insert 
    into
        guestbook
        (moddate, regdate, content, title, writer) 
    values
        (?, ?, ?, ?, ?)
Guestbook(gno=8, title=Title...7, content=Content...7, writer=user7)
Hibernate: 
    insert 
    into
        guestbook
        (moddate, regdate, content, title, writer) 
    values
        (?, ?, ?, ?, ?)
Guestbook(gno=9, title=Title...8, content=Content...8, writer=user8)
Hibernate: 
    insert 
    into
        guestbook
        (moddate, regdate, content, title, writer) 
    values
        (?, ?, ?, ?, ?)
Guestbook(gno=10, title=Title...9, content=Content...9, writer=user9)
Hibernate: 
    insert 
    into
        guestbook
        (moddate, regdate, content, title, writer) 
    values
        (?, ?, ?, ?, ?)
Guestbook(gno=11, title=Title...10, content=Content...10, writer=user10)
Hibernate: 
    insert 
    into
        guestbook
        (moddate, regdate, content, title, writer) 
    values
        (?, ?, ?, ?, ?)
Guestbook(gno=12, title=Title...11, content=Content...11, writer=user11)
Hibernate: 
    insert 
    into
        guestbook
        (moddate, regdate, content, title, writer) 
    values
        (?, ?, ?, ?, ?)
Guestbook(gno=13, title=Title...12, content=Content...12, writer=user12)
Hibernate: 
    insert 
    into
        guestbook
        (moddate, regdate, content, title, writer) 
    values
        (?, ?, ?, ?, ?)
Guestbook(gno=14, title=Title...13, content=Content...13, writer=user13)
Hibernate: 
    insert 
    into
        guestbook
        (moddate, regdate, content, title, writer) 
    values
        (?, ?, ?, ?, ?)
Guestbook(gno=15, title=Title...14, content=Content...14, writer=user14)
Hibernate: 
    insert 
    into
        guestbook
        (moddate, regdate, content, title, writer) 
    values
        (?, ?, ?, ?, ?)
Guestbook(gno=16, title=Title...15, content=Content...15, writer=user15)
Hibernate: 
    insert 
    into
        guestbook
        (moddate, regdate, content, title, writer) 
    values
        (?, ?, ?, ?, ?)
Guestbook(gno=17, title=Title...16, content=Content...16, writer=user16)
Hibernate: 
    insert 
    into
        guestbook
        (moddate, regdate, content, title, writer) 
    values
        (?, ?, ?, ?, ?)
Guestbook(gno=18, title=Title...17, content=Content...17, writer=user17)
Hibernate: 
    insert 
    into
        guestbook
        (moddate, regdate, content, title, writer) 
    values
        (?, ?, ?, ?, ?)
Guestbook(gno=19, title=Title...18, content=Content...18, writer=user18)
Hibernate: 
    insert 
    into
        guestbook
        (moddate, regdate, content, title, writer) 
    values
        (?, ?, ?, ?, ?)
Guestbook(gno=20, title=Title...19, content=Content...19, writer=user19)
Hibernate: 
    insert 
    into
        guestbook
        (moddate, regdate, content, title, writer) 
    values
        (?, ?, ?, ?, ?)
Guestbook(gno=21, title=Title...20, content=Content...20, writer=user20)
Hibernate: 
    insert 
    into
        guestbook
        (moddate, regdate, content, title, writer) 
    values
        (?, ?, ?, ?, ?)
Guestbook(gno=22, title=Title...21, content=Content...21, writer=user21)
Hibernate: 
    insert 
    into
        guestbook
        (moddate, regdate, content, title, writer) 
    values
        (?, ?, ?, ?, ?)
Guestbook(gno=23, title=Title...22, content=Content...22, writer=user22)
Hibernate: 
    insert 
    into
        guestbook
        (moddate, regdate, content, title, writer) 
    values
        (?, ?, ?, ?, ?)
Guestbook(gno=24, title=Title...23, content=Content...23, writer=user23)
Hibernate: 
    insert 
    into
        guestbook
        (moddate, regdate, content, title, writer) 
    values
        (?, ?, ?, ?, ?)
Guestbook(gno=25, title=Title...24, content=Content...24, writer=user24)
Hibernate: 
    insert 
    into
        guestbook
        (moddate, regdate, content, title, writer) 
    values
        (?, ?, ?, ?, ?)
Guestbook(gno=26, title=Title...25, content=Content...25, writer=user25)
Hibernate: 
    insert 
    into
        guestbook
        (moddate, regdate, content, title, writer) 
    values
        (?, ?, ?, ?, ?)
Guestbook(gno=27, title=Title...26, content=Content...26, writer=user26)
Hibernate: 
    insert 
    into
        guestbook
        (moddate, regdate, content, title, writer) 
    values
        (?, ?, ?, ?, ?)
Guestbook(gno=28, title=Title...27, content=Content...27, writer=user27)
Hibernate: 
    insert 
    into
        guestbook
        (moddate, regdate, content, title, writer) 
    values
        (?, ?, ?, ?, ?)
Guestbook(gno=29, title=Title...28, content=Content...28, writer=user28)
Hibernate: 
    insert 
    into
        guestbook
        (moddate, regdate, content, title, writer) 
    values
        (?, ?, ?, ?, ?)
Guestbook(gno=30, title=Title...29, content=Content...29, writer=user29)
Hibernate: 
    insert 
    into
        guestbook
        (moddate, regdate, content, title, writer) 
    values
        (?, ?, ?, ?, ?)
Guestbook(gno=31, title=Title...30, content=Content...30, writer=user30)
Hibernate: 
    insert 
    into
        guestbook
        (moddate, regdate, content, title, writer) 
    values
        (?, ?, ?, ?, ?)
Guestbook(gno=32, title=Title...31, content=Content...31, writer=user31)
Hibernate: 
    insert 
    into
        guestbook
        (moddate, regdate, content, title, writer) 
    values
        (?, ?, ?, ?, ?)
Guestbook(gno=33, title=Title...32, content=Content...32, writer=user32)
Hibernate: 
    insert 
    into
        guestbook
        (moddate, regdate, content, title, writer) 
    values
        (?, ?, ?, ?, ?)
Guestbook(gno=34, title=Title...33, content=Content...33, writer=user33)
Hibernate: 
    insert 
    into
        guestbook
        (moddate, regdate, content, title, writer) 
    values
        (?, ?, ?, ?, ?)
Guestbook(gno=35, title=Title...34, content=Content...34, writer=user34)
Hibernate: 
    insert 
    into
        guestbook
        (moddate, regdate, content, title, writer) 
    values
        (?, ?, ?, ?, ?)
Guestbook(gno=36, title=Title...35, content=Content...35, writer=user35)
Hibernate: 
    insert 
    into
        guestbook
        (moddate, regdate, content, title, writer) 
    values
        (?, ?, ?, ?, ?)
Guestbook(gno=37, title=Title...36, content=Content...36, writer=user36)
Hibernate: 
    insert 
    into
        guestbook
        (moddate, regdate, content, title, writer) 
    values
        (?, ?, ?, ?, ?)
Guestbook(gno=38, title=Title...37, content=Content...37, writer=user37)
Hibernate: 
    insert 
    into
        guestbook
        (moddate, regdate, content, title, writer) 
    values
        (?, ?, ?, ?, ?)
Guestbook(gno=39, title=Title...38, content=Content...38, writer=user38)
Hibernate: 
    insert 
    into
        guestbook
        (moddate, regdate, content, title, writer) 
    values
        (?, ?, ?, ?, ?)
Guestbook(gno=40, title=Title...39, content=Content...39, writer=user39)
Hibernate: 
    insert 
    into
        guestbook
        (moddate, regdate, content, title, writer) 
    values
        (?, ?, ?, ?, ?)
Guestbook(gno=41, title=Title...40, content=Content...40, writer=user40)
Hibernate: 
    insert 
    into
        guestbook
        (moddate, regdate, content, title, writer) 
    values
        (?, ?, ?, ?, ?)
Guestbook(gno=42, title=Title...41, content=Content...41, writer=user41)
Hibernate: 
    insert 
    into
        guestbook
        (moddate, regdate, content, title, writer) 
    values
        (?, ?, ?, ?, ?)
Guestbook(gno=43, title=Title...42, content=Content...42, writer=user42)
Hibernate: 
    insert 
    into
        guestbook
        (moddate, regdate, content, title, writer) 
    values
        (?, ?, ?, ?, ?)
Guestbook(gno=44, title=Title...43, content=Content...43, writer=user43)
Hibernate: 
    insert 
    into
        guestbook
        (moddate, regdate, content, title, writer) 
    values
        (?, ?, ?, ?, ?)
Guestbook(gno=45, title=Title...44, content=Content...44, writer=user44)
Hibernate: 
    insert 
    into
        guestbook
        (moddate, regdate, content, title, writer) 
    values
        (?, ?, ?, ?, ?)
Guestbook(gno=46, title=Title...45, content=Content...45, writer=user45)
Hibernate: 
    insert 
    into
        guestbook
        (moddate, regdate, content, title, writer) 
    values
        (?, ?, ?, ?, ?)
Guestbook(gno=47, title=Title...46, content=Content...46, writer=user46)
Hibernate: 
    insert 
    into
        guestbook
        (moddate, regdate, content, title, writer) 
    values
        (?, ?, ?, ?, ?)
Guestbook(gno=48, title=Title...47, content=Content...47, writer=user47)
Hibernate: 
    insert 
    into
        guestbook
        (moddate, regdate, content, title, writer) 
    values
        (?, ?, ?, ?, ?)
Guestbook(gno=49, title=Title...48, content=Content...48, writer=user48)
Hibernate: 
    insert 
    into
        guestbook
        (moddate, regdate, content, title, writer) 
    values
        (?, ?, ?, ?, ?)
Guestbook(gno=50, title=Title...49, content=Content...49, writer=user49)
Hibernate: 
    insert 
    into
        guestbook
        (moddate, regdate, content, title, writer) 
    values
        (?, ?, ?, ?, ?)
Guestbook(gno=51, title=Title...50, content=Content...50, writer=user50)
Hibernate: 
    insert 
    into
        guestbook
        (moddate, regdate, content, title, writer) 
    values
        (?, ?, ?, ?, ?)
Guestbook(gno=52, title=Title...51, content=Content...51, writer=user51)
Hibernate: 
    insert 
    into
        guestbook
        (moddate, regdate, content, title, writer) 
    values
        (?, ?, ?, ?, ?)
Guestbook(gno=53, title=Title...52, content=Content...52, writer=user52)
Hibernate: 
    insert 
    into
        guestbook
        (moddate, regdate, content, title, writer) 
    values
        (?, ?, ?, ?, ?)
Guestbook(gno=54, title=Title...53, content=Content...53, writer=user53)
Hibernate: 
    insert 
    into
        guestbook
        (moddate, regdate, content, title, writer) 
    values
        (?, ?, ?, ?, ?)
Guestbook(gno=55, title=Title...54, content=Content...54, writer=user54)
Hibernate: 
    insert 
    into
        guestbook
        (moddate, regdate, content, title, writer) 
    values
        (?, ?, ?, ?, ?)
Guestbook(gno=56, title=Title...55, content=Content...55, writer=user55)
Hibernate: 
    insert 
    into
        guestbook
        (moddate, regdate, content, title, writer) 
    values
        (?, ?, ?, ?, ?)
Guestbook(gno=57, title=Title...56, content=Content...56, writer=user56)
Hibernate: 
    insert 
    into
        guestbook
        (moddate, regdate, content, title, writer) 
    values
        (?, ?, ?, ?, ?)
Guestbook(gno=58, title=Title...57, content=Content...57, writer=user57)
Hibernate: 
    insert 
    into
        guestbook
        (moddate, regdate, content, title, writer) 
    values
        (?, ?, ?, ?, ?)
Guestbook(gno=59, title=Title...58, content=Content...58, writer=user58)
Hibernate: 
    insert 
    into
        guestbook
        (moddate, regdate, content, title, writer) 
    values
        (?, ?, ?, ?, ?)
Guestbook(gno=60, title=Title...59, content=Content...59, writer=user59)
Hibernate: 
    insert 
    into
        guestbook
        (moddate, regdate, content, title, writer) 
    values
        (?, ?, ?, ?, ?)
Guestbook(gno=61, title=Title...60, content=Content...60, writer=user60)
Hibernate: 
    insert 
    into
        guestbook
        (moddate, regdate, content, title, writer) 
    values
        (?, ?, ?, ?, ?)
Guestbook(gno=62, title=Title...61, content=Content...61, writer=user61)
Hibernate: 
    insert 
    into
        guestbook
        (moddate, regdate, content, title, writer) 
    values
        (?, ?, ?, ?, ?)
Guestbook(gno=63, title=Title...62, content=Content...62, writer=user62)
Hibernate: 
    insert 
    into
        guestbook
        (moddate, regdate, content, title, writer) 
    values
        (?, ?, ?, ?, ?)
Guestbook(gno=64, title=Title...63, content=Content...63, writer=user63)
Hibernate: 
    insert 
    into
        guestbook
        (moddate, regdate, content, title, writer) 
    values
        (?, ?, ?, ?, ?)
Guestbook(gno=65, title=Title...64, content=Content...64, writer=user64)
Hibernate: 
    insert 
    into
        guestbook
        (moddate, regdate, content, title, writer) 
    values
        (?, ?, ?, ?, ?)
Guestbook(gno=66, title=Title...65, content=Content...65, writer=user65)
Hibernate: 
    insert 
    into
        guestbook
        (moddate, regdate, content, title, writer) 
    values
        (?, ?, ?, ?, ?)
Guestbook(gno=67, title=Title...66, content=Content...66, writer=user66)
Hibernate: 
    insert 
    into
        guestbook
        (moddate, regdate, content, title, writer) 
    values
        (?, ?, ?, ?, ?)
Guestbook(gno=68, title=Title...67, content=Content...67, writer=user67)
Hibernate: 
    insert 
    into
        guestbook
        (moddate, regdate, content, title, writer) 
    values
        (?, ?, ?, ?, ?)
Guestbook(gno=69, title=Title...68, content=Content...68, writer=user68)
Hibernate: 
    insert 
    into
        guestbook
        (moddate, regdate, content, title, writer) 
    values
        (?, ?, ?, ?, ?)
Guestbook(gno=70, title=Title...69, content=Content...69, writer=user69)
Hibernate: 
    insert 
    into
        guestbook
        (moddate, regdate, content, title, writer) 
    values
        (?, ?, ?, ?, ?)
Guestbook(gno=71, title=Title...70, content=Content...70, writer=user70)
Hibernate: 
    insert 
    into
        guestbook
        (moddate, regdate, content, title, writer) 
    values
        (?, ?, ?, ?, ?)
Guestbook(gno=72, title=Title...71, content=Content...71, writer=user71)
Hibernate: 
    insert 
    into
        guestbook
        (moddate, regdate, content, title, writer) 
    values
        (?, ?, ?, ?, ?)
Guestbook(gno=73, title=Title...72, content=Content...72, writer=user72)
Hibernate: 
    insert 
    into
        guestbook
        (moddate, regdate, content, title, writer) 
    values
        (?, ?, ?, ?, ?)
Guestbook(gno=74, title=Title...73, content=Content...73, writer=user73)
Hibernate: 
    insert 
    into
        guestbook
        (moddate, regdate, content, title, writer) 
    values
        (?, ?, ?, ?, ?)
Guestbook(gno=75, title=Title...74, content=Content...74, writer=user74)
Hibernate: 
    insert 
    into
        guestbook
        (moddate, regdate, content, title, writer) 
    values
        (?, ?, ?, ?, ?)
Guestbook(gno=76, title=Title...75, content=Content...75, writer=user75)
Hibernate: 
    insert 
    into
        guestbook
        (moddate, regdate, content, title, writer) 
    values
        (?, ?, ?, ?, ?)
Guestbook(gno=77, title=Title...76, content=Content...76, writer=user76)
Hibernate: 
    insert 
    into
        guestbook
        (moddate, regdate, content, title, writer) 
    values
        (?, ?, ?, ?, ?)
Guestbook(gno=78, title=Title...77, content=Content...77, writer=user77)
Hibernate: 
    insert 
    into
        guestbook
        (moddate, regdate, content, title, writer) 
    values
        (?, ?, ?, ?, ?)
Guestbook(gno=79, title=Title...78, content=Content...78, writer=user78)
Hibernate: 
    insert 
    into
        guestbook
        (moddate, regdate, content, title, writer) 
    values
        (?, ?, ?, ?, ?)
Guestbook(gno=80, title=Title...79, content=Content...79, writer=user79)
Hibernate: 
    insert 
    into
        guestbook
        (moddate, regdate, content, title, writer) 
    values
        (?, ?, ?, ?, ?)
Guestbook(gno=81, title=Title...80, content=Content...80, writer=user80)
Hibernate: 
    insert 
    into
        guestbook
        (moddate, regdate, content, title, writer) 
    values
        (?, ?, ?, ?, ?)
Guestbook(gno=82, title=Title...81, content=Content...81, writer=user81)
Hibernate: 
    insert 
    into
        guestbook
        (moddate, regdate, content, title, writer) 
    values
        (?, ?, ?, ?, ?)
Guestbook(gno=83, title=Title...82, content=Content...82, writer=user82)
Hibernate: 
    insert 
    into
        guestbook
        (moddate, regdate, content, title, writer) 
    values
        (?, ?, ?, ?, ?)
Guestbook(gno=84, title=Title...83, content=Content...83, writer=user83)
Hibernate: 
    insert 
    into
        guestbook
        (moddate, regdate, content, title, writer) 
    values
        (?, ?, ?, ?, ?)
Guestbook(gno=85, title=Title...84, content=Content...84, writer=user84)
Hibernate: 
    insert 
    into
        guestbook
        (moddate, regdate, content, title, writer) 
    values
        (?, ?, ?, ?, ?)
Guestbook(gno=86, title=Title...85, content=Content...85, writer=user85)
Hibernate: 
    insert 
    into
        guestbook
        (moddate, regdate, content, title, writer) 
    values
        (?, ?, ?, ?, ?)
Guestbook(gno=87, title=Title...86, content=Content...86, writer=user86)
Hibernate: 
    insert 
    into
        guestbook
        (moddate, regdate, content, title, writer) 
    values
        (?, ?, ?, ?, ?)
Guestbook(gno=88, title=Title...87, content=Content...87, writer=user87)
Hibernate: 
    insert 
    into
        guestbook
        (moddate, regdate, content, title, writer) 
    values
        (?, ?, ?, ?, ?)
Guestbook(gno=89, title=Title...88, content=Content...88, writer=user88)
Hibernate: 
    insert 
    into
        guestbook
        (moddate, regdate, content, title, writer) 
    values
        (?, ?, ?, ?, ?)
Guestbook(gno=90, title=Title...89, content=Content...89, writer=user89)
Hibernate: 
    insert 
    into
        guestbook
        (moddate, regdate, content, title, writer) 
    values
        (?, ?, ?, ?, ?)
Guestbook(gno=91, title=Title...90, content=Content...90, writer=user90)
Hibernate: 
    insert 
    into
        guestbook
        (moddate, regdate, content, title, writer) 
    values
        (?, ?, ?, ?, ?)
Guestbook(gno=92, title=Title...91, content=Content...91, writer=user91)
Hibernate: 
    insert 
    into
        guestbook
        (moddate, regdate, content, title, writer) 
    values
        (?, ?, ?, ?, ?)
Guestbook(gno=93, title=Title...92, content=Content...92, writer=user92)
Hibernate: 
    insert 
    into
        guestbook
        (moddate, regdate, content, title, writer) 
    values
        (?, ?, ?, ?, ?)
Guestbook(gno=94, title=Title...93, content=Content...93, writer=user93)
Hibernate: 
    insert 
    into
        guestbook
        (moddate, regdate, content, title, writer) 
    values
        (?, ?, ?, ?, ?)
Guestbook(gno=95, title=Title...94, content=Content...94, writer=user94)
Hibernate: 
    insert 
    into
        guestbook
        (moddate, regdate, content, title, writer) 
    values
        (?, ?, ?, ?, ?)
Guestbook(gno=96, title=Title...95, content=Content...95, writer=user95)
Hibernate: 
    insert 
    into
        guestbook
        (moddate, regdate, content, title, writer) 
    values
        (?, ?, ?, ?, ?)
Guestbook(gno=97, title=Title...96, content=Content...96, writer=user96)
Hibernate: 
    insert 
    into
        guestbook
        (moddate, regdate, content, title, writer) 
    values
        (?, ?, ?, ?, ?)
Guestbook(gno=98, title=Title...97, content=Content...97, writer=user97)
Hibernate: 
    insert 
    into
        guestbook
        (moddate, regdate, content, title, writer) 
    values
        (?, ?, ?, ?, ?)
Guestbook(gno=99, title=Title...98, content=Content...98, writer=user98)
Hibernate: 
    insert 
    into
        guestbook
        (moddate, regdate, content, title, writer) 
    values
        (?, ?, ?, ?, ?)
Guestbook(gno=100, title=Title...99, content=Content...99, writer=user99)
Hibernate: 
    insert 
    into
        guestbook
        (moddate, regdate, content, title, writer) 
    values
        (?, ?, ?, ?, ?)
Guestbook(gno=101, title=Title...100, content=Content...100, writer=user100)
Hibernate: 
    insert 
    into
        guestbook
        (moddate, regdate, content, title, writer) 
    values
        (?, ?, ?, ?, ?)
Guestbook(gno=102, title=Title...101, content=Content...101, writer=user101)
Hibernate: 
    insert 
    into
        guestbook
        (moddate, regdate, content, title, writer) 
    values
        (?, ?, ?, ?, ?)
Guestbook(gno=103, title=Title...102, content=Content...102, writer=user102)
Hibernate: 
    insert 
    into
        guestbook
        (moddate, regdate, content, title, writer) 
    values
        (?, ?, ?, ?, ?)
Guestbook(gno=104, title=Title...103, content=Content...103, writer=user103)
Hibernate: 
    insert 
    into
        guestbook
        (moddate, regdate, content, title, writer) 
    values
        (?, ?, ?, ?, ?)
Guestbook(gno=105, title=Title...104, content=Content...104, writer=user104)
Hibernate: 
    insert 
    into
        guestbook
        (moddate, regdate, content, title, writer) 
    values
        (?, ?, ?, ?, ?)
Guestbook(gno=106, title=Title...105, content=Content...105, writer=user105)
Hibernate: 
    insert 
    into
        guestbook
        (moddate, regdate, content, title, writer) 
    values
        (?, ?, ?, ?, ?)
Guestbook(gno=107, title=Title...106, content=Content...106, writer=user106)
Hibernate: 
    insert 
    into
        guestbook
        (moddate, regdate, content, title, writer) 
    values
        (?, ?, ?, ?, ?)
Guestbook(gno=108, title=Title...107, content=Content...107, writer=user107)
Hibernate: 
    insert 
    into
        guestbook
        (moddate, regdate, content, title, writer) 
    values
        (?, ?, ?, ?, ?)
Guestbook(gno=109, title=Title...108, content=Content...108, writer=user108)
Hibernate: 
    insert 
    into
        guestbook
        (moddate, regdate, content, title, writer) 
    values
        (?, ?, ?, ?, ?)
Guestbook(gno=110, title=Title...109, content=Content...109, writer=user109)
Hibernate: 
    insert 
    into
        guestbook
        (moddate, regdate, content, title, writer) 
    values
        (?, ?, ?, ?, ?)
Guestbook(gno=111, title=Title...110, content=Content...110, writer=user110)
Hibernate: 
    insert 
    into
        guestbook
        (moddate, regdate, content, title, writer) 
    values
        (?, ?, ?, ?, ?)
Guestbook(gno=112, title=Title...111, content=Content...111, writer=user111)
Hibernate: 
    insert 
    into
        guestbook
        (moddate, regdate, content, title, writer) 
    values
        (?, ?, ?, ?, ?)
Guestbook(gno=113, title=Title...112, content=Content...112, writer=user112)
Hibernate: 
    insert 
    into
        guestbook
        (moddate, regdate, content, title, writer) 
    values
        (?, ?, ?, ?, ?)
Guestbook(gno=114, title=Title...113, content=Content...113, writer=user113)
Hibernate: 
    insert 
    into
        guestbook
        (moddate, regdate, content, title, writer) 
    values
        (?, ?, ?, ?, ?)
Guestbook(gno=115, title=Title...114, content=Content...114, writer=user114)
Hibernate: 
    insert 
    into
        guestbook
        (moddate, regdate, content, title, writer) 
    values
        (?, ?, ?, ?, ?)
Guestbook(gno=116, title=Title...115, content=Content...115, writer=user115)
Hibernate: 
    insert 
    into
        guestbook
        (moddate, regdate, content, title, writer) 
    values
        (?, ?, ?, ?, ?)
Guestbook(gno=117, title=Title...116, content=Content...116, writer=user116)
Hibernate: 
    insert 
    into
        guestbook
        (moddate, regdate, content, title, writer) 
    values
        (?, ?, ?, ?, ?)
Guestbook(gno=118, title=Title...117, content=Content...117, writer=user117)
Hibernate: 
    insert 
    into
        guestbook
        (moddate, regdate, content, title, writer) 
    values
        (?, ?, ?, ?, ?)
Guestbook(gno=119, title=Title...118, content=Content...118, writer=user118)
Hibernate: 
    insert 
    into
        guestbook
        (moddate, regdate, content, title, writer) 
    values
        (?, ?, ?, ?, ?)
Guestbook(gno=120, title=Title...119, content=Content...119, writer=user119)
Hibernate: 
    insert 
    into
        guestbook
        (moddate, regdate, content, title, writer) 
    values
        (?, ?, ?, ?, ?)
Guestbook(gno=121, title=Title...120, content=Content...120, writer=user120)
Hibernate: 
    insert 
    into
        guestbook
        (moddate, regdate, content, title, writer) 
    values
        (?, ?, ?, ?, ?)
Guestbook(gno=122, title=Title...121, content=Content...121, writer=user121)
Hibernate: 
    insert 
    into
        guestbook
        (moddate, regdate, content, title, writer) 
    values
        (?, ?, ?, ?, ?)
Guestbook(gno=123, title=Title...122, content=Content...122, writer=user122)
Hibernate: 
    insert 
    into
        guestbook
        (moddate, regdate, content, title, writer) 
    values
        (?, ?, ?, ?, ?)
Guestbook(gno=124, title=Title...123, content=Content...123, writer=user123)
Hibernate: 
    insert 
    into
        guestbook
        (moddate, regdate, content, title, writer) 
    values
        (?, ?, ?, ?, ?)
Guestbook(gno=125, title=Title...124, content=Content...124, writer=user124)
Hibernate: 
    insert 
    into
        guestbook
        (moddate, regdate, content, title, writer) 
    values
        (?, ?, ?, ?, ?)
Guestbook(gno=126, title=Title...125, content=Content...125, writer=user125)
Hibernate: 
    insert 
    into
        guestbook
        (moddate, regdate, content, title, writer) 
    values
        (?, ?, ?, ?, ?)
Guestbook(gno=127, title=Title...126, content=Content...126, writer=user126)
Hibernate: 
    insert 
    into
        guestbook
        (moddate, regdate, content, title, writer) 
    values
        (?, ?, ?, ?, ?)
Guestbook(gno=128, title=Title...127, content=Content...127, writer=user127)
Hibernate: 
    insert 
    into
        guestbook
        (moddate, regdate, content, title, writer) 
    values
        (?, ?, ?, ?, ?)
Guestbook(gno=129, title=Title...128, content=Content...128, writer=user128)
Hibernate: 
    insert 
    into
        guestbook
        (moddate, regdate, content, title, writer) 
    values
        (?, ?, ?, ?, ?)
Guestbook(gno=130, title=Title...129, content=Content...129, writer=user129)
Hibernate: 
    insert 
    into
        guestbook
        (moddate, regdate, content, title, writer) 
    values
        (?, ?, ?, ?, ?)
Guestbook(gno=131, title=Title...130, content=Content...130, writer=user130)
Hibernate: 
    insert 
    into
        guestbook
        (moddate, regdate, content, title, writer) 
    values
        (?, ?, ?, ?, ?)
Guestbook(gno=132, title=Title...131, content=Content...131, writer=user131)
Hibernate: 
    insert 
    into
        guestbook
        (moddate, regdate, content, title, writer) 
    values
        (?, ?, ?, ?, ?)
Guestbook(gno=133, title=Title...132, content=Content...132, writer=user132)
Hibernate: 
    insert 
    into
        guestbook
        (moddate, regdate, content, title, writer) 
    values
        (?, ?, ?, ?, ?)
Guestbook(gno=134, title=Title...133, content=Content...133, writer=user133)
Hibernate: 
    insert 
    into
        guestbook
        (moddate, regdate, content, title, writer) 
    values
        (?, ?, ?, ?, ?)
Guestbook(gno=135, title=Title...134, content=Content...134, writer=user134)
Hibernate: 
    insert 
    into
        guestbook
        (moddate, regdate, content, title, writer) 
    values
        (?, ?, ?, ?, ?)
Guestbook(gno=136, title=Title...135, content=Content...135, writer=user135)
Hibernate: 
    insert 
    into
        guestbook
        (moddate, regdate, content, title, writer) 
    values
        (?, ?, ?, ?, ?)
Guestbook(gno=137, title=Title...136, content=Content...136, writer=user136)
Hibernate: 
    insert 
    into
        guestbook
        (moddate, regdate, content, title, writer) 
    values
        (?, ?, ?, ?, ?)
Guestbook(gno=138, title=Title...137, content=Content...137, writer=user137)
Hibernate: 
    insert 
    into
        guestbook
        (moddate, regdate, content, title, writer) 
    values
        (?, ?, ?, ?, ?)
Guestbook(gno=139, title=Title...138, content=Content...138, writer=user138)
Hibernate: 
    insert 
    into
        guestbook
        (moddate, regdate, content, title, writer) 
    values
        (?, ?, ?, ?, ?)
Guestbook(gno=140, title=Title...139, content=Content...139, writer=user139)
Hibernate: 
    insert 
    into
        guestbook
        (moddate, regdate, content, title, writer) 
    values
        (?, ?, ?, ?, ?)
Guestbook(gno=141, title=Title...140, content=Content...140, writer=user140)
Hibernate: 
    insert 
    into
        guestbook
        (moddate, regdate, content, title, writer) 
    values
        (?, ?, ?, ?, ?)
Guestbook(gno=142, title=Title...141, content=Content...141, writer=user141)
Hibernate: 
    insert 
    into
        guestbook
        (moddate, regdate, content, title, writer) 
    values
        (?, ?, ?, ?, ?)
Guestbook(gno=143, title=Title...142, content=Content...142, writer=user142)
Hibernate: 
    insert 
    into
        guestbook
        (moddate, regdate, content, title, writer) 
    values
        (?, ?, ?, ?, ?)
Guestbook(gno=144, title=Title...143, content=Content...143, writer=user143)
Hibernate: 
    insert 
    into
        guestbook
        (moddate, regdate, content, title, writer) 
    values
        (?, ?, ?, ?, ?)
Guestbook(gno=145, title=Title...144, content=Content...144, writer=user144)
Hibernate: 
    insert 
    into
        guestbook
        (moddate, regdate, content, title, writer) 
    values
        (?, ?, ?, ?, ?)
Guestbook(gno=146, title=Title...145, content=Content...145, writer=user145)
Hibernate: 
    insert 
    into
        guestbook
        (moddate, regdate, content, title, writer) 
    values
        (?, ?, ?, ?, ?)
Guestbook(gno=147, title=Title...146, content=Content...146, writer=user146)
Hibernate: 
    insert 
    into
        guestbook
        (moddate, regdate, content, title, writer) 
    values
        (?, ?, ?, ?, ?)
Guestbook(gno=148, title=Title...147, content=Content...147, writer=user147)
Hibernate: 
    insert 
    into
        guestbook
        (moddate, regdate, content, title, writer) 
    values
        (?, ?, ?, ?, ?)
Guestbook(gno=149, title=Title...148, content=Content...148, writer=user148)
Hibernate: 
    insert 
    into
        guestbook
        (moddate, regdate, content, title, writer) 
    values
        (?, ?, ?, ?, ?)
Guestbook(gno=150, title=Title...149, content=Content...149, writer=user149)
Hibernate: 
    insert 
    into
        guestbook
        (moddate, regdate, content, title, writer) 
    values
        (?, ?, ?, ?, ?)
Guestbook(gno=151, title=Title...150, content=Content...150, writer=user150)
Hibernate: 
    insert 
    into
        guestbook
        (moddate, regdate, content, title, writer) 
    values
        (?, ?, ?, ?, ?)
Guestbook(gno=152, title=Title...151, content=Content...151, writer=user151)
Hibernate: 
    insert 
    into
        guestbook
        (moddate, regdate, content, title, writer) 
    values
        (?, ?, ?, ?, ?)
Guestbook(gno=153, title=Title...152, content=Content...152, writer=user152)
Hibernate: 
    insert 
    into
        guestbook
        (moddate, regdate, content, title, writer) 
    values
        (?, ?, ?, ?, ?)
Guestbook(gno=154, title=Title...153, content=Content...153, writer=user153)
Hibernate: 
    insert 
    into
        guestbook
        (moddate, regdate, content, title, writer) 
    values
        (?, ?, ?, ?, ?)
Guestbook(gno=155, title=Title...154, content=Content...154, writer=user154)
Hibernate: 
    insert 
    into
        guestbook
        (moddate, regdate, content, title, writer) 
    values
        (?, ?, ?, ?, ?)
Guestbook(gno=156, title=Title...155, content=Content...155, writer=user155)
Hibernate: 
    insert 
    into
        guestbook
        (moddate, regdate, content, title, writer) 
    values
        (?, ?, ?, ?, ?)
Guestbook(gno=157, title=Title...156, content=Content...156, writer=user156)
Hibernate: 
    insert 
    into
        guestbook
        (moddate, regdate, content, title, writer) 
    values
        (?, ?, ?, ?, ?)
Guestbook(gno=158, title=Title...157, content=Content...157, writer=user157)
Hibernate: 
    insert 
    into
        guestbook
        (moddate, regdate, content, title, writer) 
    values
        (?, ?, ?, ?, ?)
Guestbook(gno=159, title=Title...158, content=Content...158, writer=user158)
Hibernate: 
    insert 
    into
        guestbook
        (moddate, regdate, content, title, writer) 
    values
        (?, ?, ?, ?, ?)
Guestbook(gno=160, title=Title...159, content=Content...159, writer=user159)
Hibernate: 
    insert 
    into
        guestbook
        (moddate, regdate, content, title, writer) 
    values
        (?, ?, ?, ?, ?)
Guestbook(gno=161, title=Title...160, content=Content...160, writer=user160)
Hibernate: 
    insert 
    into
        guestbook
        (moddate, regdate, content, title, writer) 
    values
        (?, ?, ?, ?, ?)
Guestbook(gno=162, title=Title...161, content=Content...161, writer=user161)
Hibernate: 
    insert 
    into
        guestbook
        (moddate, regdate, content, title, writer) 
    values
        (?, ?, ?, ?, ?)
Guestbook(gno=163, title=Title...162, content=Content...162, writer=user162)
Hibernate: 
    insert 
    into
        guestbook
        (moddate, regdate, content, title, writer) 
    values
        (?, ?, ?, ?, ?)
Guestbook(gno=164, title=Title...163, content=Content...163, writer=user163)
Hibernate: 
    insert 
    into
        guestbook
        (moddate, regdate, content, title, writer) 
    values
        (?, ?, ?, ?, ?)
Guestbook(gno=165, title=Title...164, content=Content...164, writer=user164)
Hibernate: 
    insert 
    into
        guestbook
        (moddate, regdate, content, title, writer) 
    values
        (?, ?, ?, ?, ?)
Guestbook(gno=166, title=Title...165, content=Content...165, writer=user165)
Hibernate: 
    insert 
    into
        guestbook
        (moddate, regdate, content, title, writer) 
    values
        (?, ?, ?, ?, ?)
Guestbook(gno=167, title=Title...166, content=Content...166, writer=user166)
Hibernate: 
    insert 
    into
        guestbook
        (moddate, regdate, content, title, writer) 
    values
        (?, ?, ?, ?, ?)
Guestbook(gno=168, title=Title...167, content=Content...167, writer=user167)
Hibernate: 
    insert 
    into
        guestbook
        (moddate, regdate, content, title, writer) 
    values
        (?, ?, ?, ?, ?)
Guestbook(gno=169, title=Title...168, content=Content...168, writer=user168)
Hibernate: 
    insert 
    into
        guestbook
        (moddate, regdate, content, title, writer) 
    values
        (?, ?, ?, ?, ?)
Guestbook(gno=170, title=Title...169, content=Content...169, writer=user169)
Hibernate: 
    insert 
    into
        guestbook
        (moddate, regdate, content, title, writer) 
    values
        (?, ?, ?, ?, ?)
Guestbook(gno=171, title=Title...170, content=Content...170, writer=user170)
Hibernate: 
    insert 
    into
        guestbook
        (moddate, regdate, content, title, writer) 
    values
        (?, ?, ?, ?, ?)
Guestbook(gno=172, title=Title...171, content=Content...171, writer=user171)
Hibernate: 
    insert 
    into
        guestbook
        (moddate, regdate, content, title, writer) 
    values
        (?, ?, ?, ?, ?)
Guestbook(gno=173, title=Title...172, content=Content...172, writer=user172)
Hibernate: 
    insert 
    into
        guestbook
        (moddate, regdate, content, title, writer) 
    values
        (?, ?, ?, ?, ?)
Guestbook(gno=174, title=Title...173, content=Content...173, writer=user173)
Hibernate: 
    insert 
    into
        guestbook
        (moddate, regdate, content, title, writer) 
    values
        (?, ?, ?, ?, ?)
Guestbook(gno=175, title=Title...174, content=Content...174, writer=user174)
Hibernate: 
    insert 
    into
        guestbook
        (moddate, regdate, content, title, writer) 
    values
        (?, ?, ?, ?, ?)
Guestbook(gno=176, title=Title...175, content=Content...175, writer=user175)
Hibernate: 
    insert 
    into
        guestbook
        (moddate, regdate, content, title, writer) 
    values
        (?, ?, ?, ?, ?)
Guestbook(gno=177, title=Title...176, content=Content...176, writer=user176)
Hibernate: 
    insert 
    into
        guestbook
        (moddate, regdate, content, title, writer) 
    values
        (?, ?, ?, ?, ?)
Guestbook(gno=178, title=Title...177, content=Content...177, writer=user177)
Hibernate: 
    insert 
    into
        guestbook
        (moddate, regdate, content, title, writer) 
    values
        (?, ?, ?, ?, ?)
Guestbook(gno=179, title=Title...178, content=Content...178, writer=user178)
Hibernate: 
    insert 
    into
        guestbook
        (moddate, regdate, content, title, writer) 
    values
        (?, ?, ?, ?, ?)
Guestbook(gno=180, title=Title...179, content=Content...179, writer=user179)
Hibernate: 
    insert 
    into
        guestbook
        (moddate, regdate, content, title, writer) 
    values
        (?, ?, ?, ?, ?)
Guestbook(gno=181, title=Title...180, content=Content...180, writer=user180)
Hibernate: 
    insert 
    into
        guestbook
        (moddate, regdate, content, title, writer) 
    values
        (?, ?, ?, ?, ?)
Guestbook(gno=182, title=Title...181, content=Content...181, writer=user181)
Hibernate: 
    insert 
    into
        guestbook
        (moddate, regdate, content, title, writer) 
    values
        (?, ?, ?, ?, ?)
Guestbook(gno=183, title=Title...182, content=Content...182, writer=user182)
Hibernate: 
    insert 
    into
        guestbook
        (moddate, regdate, content, title, writer) 
    values
        (?, ?, ?, ?, ?)
Guestbook(gno=184, title=Title...183, content=Content...183, writer=user183)
Hibernate: 
    insert 
    into
        guestbook
        (moddate, regdate, content, title, writer) 
    values
        (?, ?, ?, ?, ?)
Guestbook(gno=185, title=Title...184, content=Content...184, writer=user184)
Hibernate: 
    insert 
    into
        guestbook
        (moddate, regdate, content, title, writer) 
    values
        (?, ?, ?, ?, ?)
Guestbook(gno=186, title=Title...185, content=Content...185, writer=user185)
Hibernate: 
    insert 
    into
        guestbook
        (moddate, regdate, content, title, writer) 
    values
        (?, ?, ?, ?, ?)
Guestbook(gno=187, title=Title...186, content=Content...186, writer=user186)
Hibernate: 
    insert 
    into
        guestbook
        (moddate, regdate, content, title, writer) 
    values
        (?, ?, ?, ?, ?)
Guestbook(gno=188, title=Title...187, content=Content...187, writer=user187)
Hibernate: 
    insert 
    into
        guestbook
        (moddate, regdate, content, title, writer) 
    values
        (?, ?, ?, ?, ?)
Guestbook(gno=189, title=Title...188, content=Content...188, writer=user188)
Hibernate: 
    insert 
    into
        guestbook
        (moddate, regdate, content, title, writer) 
    values
        (?, ?, ?, ?, ?)
Guestbook(gno=190, title=Title...189, content=Content...189, writer=user189)
Hibernate: 
    insert 
    into
        guestbook
        (moddate, regdate, content, title, writer) 
    values
        (?, ?, ?, ?, ?)
Guestbook(gno=191, title=Title...190, content=Content...190, writer=user190)
Hibernate: 
    insert 
    into
        guestbook
        (moddate, regdate, content, title, writer) 
    values
        (?, ?, ?, ?, ?)
Guestbook(gno=192, title=Title...191, content=Content...191, writer=user191)
Hibernate: 
    insert 
    into
        guestbook
        (moddate, regdate, content, title, writer) 
    values
        (?, ?, ?, ?, ?)
Guestbook(gno=193, title=Title...192, content=Content...192, writer=user192)
Hibernate: 
    insert 
    into
        guestbook
        (moddate, regdate, content, title, writer) 
    values
        (?, ?, ?, ?, ?)
Guestbook(gno=194, title=Title...193, content=Content...193, writer=user193)
Hibernate: 
    insert 
    into
        guestbook
        (moddate, regdate, content, title, writer) 
    values
        (?, ?, ?, ?, ?)
Guestbook(gno=195, title=Title...194, content=Content...194, writer=user194)
Hibernate: 
    insert 
    into
        guestbook
        (moddate, regdate, content, title, writer) 
    values
        (?, ?, ?, ?, ?)
Guestbook(gno=196, title=Title...195, content=Content...195, writer=user195)
Hibernate: 
    insert 
    into
        guestbook
        (moddate, regdate, content, title, writer) 
    values
        (?, ?, ?, ?, ?)
Guestbook(gno=197, title=Title...196, content=Content...196, writer=user196)
Hibernate: 
    insert 
    into
        guestbook
        (moddate, regdate, content, title, writer) 
    values
        (?, ?, ?, ?, ?)
Guestbook(gno=198, title=Title...197, content=Content...197, writer=user197)
Hibernate: 
    insert 
    into
        guestbook
        (moddate, regdate, content, title, writer) 
    values
        (?, ?, ?, ?, ?)
Guestbook(gno=199, title=Title...198, content=Content...198, writer=user198)
Hibernate: 
    insert 
    into
        guestbook
        (moddate, regdate, content, title, writer) 
    values
        (?, ?, ?, ?, ?)
Guestbook(gno=200, title=Title...199, content=Content...199, writer=user199)
Hibernate: 
    insert 
    into
        guestbook
        (moddate, regdate, content, title, writer) 
    values
        (?, ?, ?, ?, ?)
Guestbook(gno=201, title=Title...200, content=Content...200, writer=user200)
Hibernate: 
    insert 
    into
        guestbook
        (moddate, regdate, content, title, writer) 
    values
        (?, ?, ?, ?, ?)
Guestbook(gno=202, title=Title...201, content=Content...201, writer=user201)
Hibernate: 
    insert 
    into
        guestbook
        (moddate, regdate, content, title, writer) 
    values
        (?, ?, ?, ?, ?)
Guestbook(gno=203, title=Title...202, content=Content...202, writer=user202)
Hibernate: 
    insert 
    into
        guestbook
        (moddate, regdate, content, title, writer) 
    values
        (?, ?, ?, ?, ?)
Guestbook(gno=204, title=Title...203, content=Content...203, writer=user203)
Hibernate: 
    insert 
    into
        guestbook
        (moddate, regdate, content, title, writer) 
    values
        (?, ?, ?, ?, ?)
Guestbook(gno=205, title=Title...204, content=Content...204, writer=user204)
Hibernate: 
    insert 
    into
        guestbook
        (moddate, regdate, content, title, writer) 
    values
        (?, ?, ?, ?, ?)
Guestbook(gno=206, title=Title...205, content=Content...205, writer=user205)
Hibernate: 
    insert 
    into
        guestbook
        (moddate, regdate, content, title, writer) 
    values
        (?, ?, ?, ?, ?)
Guestbook(gno=207, title=Title...206, content=Content...206, writer=user206)
Hibernate: 
    insert 
    into
        guestbook
        (moddate, regdate, content, title, writer) 
    values
        (?, ?, ?, ?, ?)
Guestbook(gno=208, title=Title...207, content=Content...207, writer=user207)
Hibernate: 
    insert 
    into
        guestbook
        (moddate, regdate, content, title, writer) 
    values
        (?, ?, ?, ?, ?)
Guestbook(gno=209, title=Title...208, content=Content...208, writer=user208)
Hibernate: 
    insert 
    into
        guestbook
        (moddate, regdate, content, title, writer) 
    values
        (?, ?, ?, ?, ?)
Guestbook(gno=210, title=Title...209, content=Content...209, writer=user209)
Hibernate: 
    insert 
    into
        guestbook
        (moddate, regdate, content, title, writer) 
    values
        (?, ?, ?, ?, ?)
Guestbook(gno=211, title=Title...210, content=Content...210, writer=user210)
Hibernate: 
    insert 
    into
        guestbook
        (moddate, regdate, content, title, writer) 
    values
        (?, ?, ?, ?, ?)
Guestbook(gno=212, title=Title...211, content=Content...211, writer=user211)
Hibernate: 
    insert 
    into
        guestbook
        (moddate, regdate, content, title, writer) 
    values
        (?, ?, ?, ?, ?)
Guestbook(gno=213, title=Title...212, content=Content...212, writer=user212)
Hibernate: 
    insert 
    into
        guestbook
        (moddate, regdate, content, title, writer) 
    values
        (?, ?, ?, ?, ?)
Guestbook(gno=214, title=Title...213, content=Content...213, writer=user213)
Hibernate: 
    insert 
    into
        guestbook
        (moddate, regdate, content, title, writer) 
    values
        (?, ?, ?, ?, ?)
Guestbook(gno=215, title=Title...214, content=Content...214, writer=user214)
Hibernate: 
    insert 
    into
        guestbook
        (moddate, regdate, content, title, writer) 
    values
        (?, ?, ?, ?, ?)
Guestbook(gno=216, title=Title...215, content=Content...215, writer=user215)
Hibernate: 
    insert 
    into
        guestbook
        (moddate, regdate, content, title, writer) 
    values
        (?, ?, ?, ?, ?)
Guestbook(gno=217, title=Title...216, content=Content...216, writer=user216)
Hibernate: 
    insert 
    into
        guestbook
        (moddate, regdate, content, title, writer) 
    values
        (?, ?, ?, ?, ?)
Guestbook(gno=218, title=Title...217, content=Content...217, writer=user217)
Hibernate: 
    insert 
    into
        guestbook
        (moddate, regdate, content, title, writer) 
    values
        (?, ?, ?, ?, ?)
Guestbook(gno=219, title=Title...218, content=Content...218, writer=user218)
Hibernate: 
    insert 
    into
        guestbook
        (moddate, regdate, content, title, writer) 
    values
        (?, ?, ?, ?, ?)
Guestbook(gno=220, title=Title...219, content=Content...219, writer=user219)
Hibernate: 
    insert 
    into
        guestbook
        (moddate, regdate, content, title, writer) 
    values
        (?, ?, ?, ?, ?)
Guestbook(gno=221, title=Title...220, content=Content...220, writer=user220)
Hibernate: 
    insert 
    into
        guestbook
        (moddate, regdate, content, title, writer) 
    values
        (?, ?, ?, ?, ?)
Guestbook(gno=222, title=Title...221, content=Content...221, writer=user221)
Hibernate: 
    insert 
    into
        guestbook
        (moddate, regdate, content, title, writer) 
    values
        (?, ?, ?, ?, ?)
Guestbook(gno=223, title=Title...222, content=Content...222, writer=user222)
Hibernate: 
    insert 
    into
        guestbook
        (moddate, regdate, content, title, writer) 
    values
        (?, ?, ?, ?, ?)
Guestbook(gno=224, title=Title...223, content=Content...223, writer=user223)
Hibernate: 
    insert 
    into
        guestbook
        (moddate, regdate, content, title, writer) 
    values
        (?, ?, ?, ?, ?)
Guestbook(gno=225, title=Title...224, content=Content...224, writer=user224)
Hibernate: 
    insert 
    into
        guestbook
        (moddate, regdate, content, title, writer) 
    values
        (?, ?, ?, ?, ?)
Guestbook(gno=226, title=Title...225, content=Content...225, writer=user225)
Hibernate: 
    insert 
    into
        guestbook
        (moddate, regdate, content, title, writer) 
    values
        (?, ?, ?, ?, ?)
Guestbook(gno=227, title=Title...226, content=Content...226, writer=user226)
Hibernate: 
    insert 
    into
        guestbook
        (moddate, regdate, content, title, writer) 
    values
        (?, ?, ?, ?, ?)
Guestbook(gno=228, title=Title...227, content=Content...227, writer=user227)
Hibernate: 
    insert 
    into
        guestbook
        (moddate, regdate, content, title, writer) 
    values
        (?, ?, ?, ?, ?)
Guestbook(gno=229, title=Title...228, content=Content...228, writer=user228)
Hibernate: 
    insert 
    into
        guestbook
        (moddate, regdate, content, title, writer) 
    values
        (?, ?, ?, ?, ?)
Guestbook(gno=230, title=Title...229, content=Content...229, writer=user229)
Hibernate: 
    insert 
    into
        guestbook
        (moddate, regdate, content, title, writer) 
    values
        (?, ?, ?, ?, ?)
Guestbook(gno=231, title=Title...230, content=Content...230, writer=user230)
Hibernate: 
    insert 
    into
        guestbook
        (moddate, regdate, content, title, writer) 
    values
        (?, ?, ?, ?, ?)
Guestbook(gno=232, title=Title...231, content=Content...231, writer=user231)
Hibernate: 
    insert 
    into
        guestbook
        (moddate, regdate, content, title, writer) 
    values
        (?, ?, ?, ?, ?)
Guestbook(gno=233, title=Title...232, content=Content...232, writer=user232)
Hibernate: 
    insert 
    into
        guestbook
        (moddate, regdate, content, title, writer) 
    values
        (?, ?, ?, ?, ?)
Guestbook(gno=234, title=Title...233, content=Content...233, writer=user233)
Hibernate: 
    insert 
    into
        guestbook
        (moddate, regdate, content, title, writer) 
    values
        (?, ?, ?, ?, ?)
Guestbook(gno=235, title=Title...234, content=Content...234, writer=user234)
Hibernate: 
    insert 
    into
        guestbook
        (moddate, regdate, content, title, writer) 
    values
        (?, ?, ?, ?, ?)
Guestbook(gno=236, title=Title...235, content=Content...235, writer=user235)
Hibernate: 
    insert 
    into
        guestbook
        (moddate, regdate, content, title, writer) 
    values
        (?, ?, ?, ?, ?)
Guestbook(gno=237, title=Title...236, content=Content...236, writer=user236)
Hibernate: 
    insert 
    into
        guestbook
        (moddate, regdate, content, title, writer) 
    values
        (?, ?, ?, ?, ?)
Guestbook(gno=238, title=Title...237, content=Content...237, writer=user237)
Hibernate: 
    insert 
    into
        guestbook
        (moddate, regdate, content, title, writer) 
    values
        (?, ?, ?, ?, ?)
Guestbook(gno=239, title=Title...238, content=Content...238, writer=user238)
Hibernate: 
    insert 
    into
        guestbook
        (moddate, regdate, content, title, writer) 
    values
        (?, ?, ?, ?, ?)
Guestbook(gno=240, title=Title...239, content=Content...239, writer=user239)
Hibernate: 
    insert 
    into
        guestbook
        (moddate, regdate, content, title, writer) 
    values
        (?, ?, ?, ?, ?)
Guestbook(gno=241, title=Title...240, content=Content...240, writer=user240)
Hibernate: 
    insert 
    into
        guestbook
        (moddate, regdate, content, title, writer) 
    values
        (?, ?, ?, ?, ?)
Guestbook(gno=242, title=Title...241, content=Content...241, writer=user241)
Hibernate: 
    insert 
    into
        guestbook
        (moddate, regdate, content, title, writer) 
    values
        (?, ?, ?, ?, ?)
Guestbook(gno=243, title=Title...242, content=Content...242, writer=user242)
Hibernate: 
    insert 
    into
        guestbook
        (moddate, regdate, content, title, writer) 
    values
        (?, ?, ?, ?, ?)
Guestbook(gno=244, title=Title...243, content=Content...243, writer=user243)
Hibernate: 
    insert 
    into
        guestbook
        (moddate, regdate, content, title, writer) 
    values
        (?, ?, ?, ?, ?)
Guestbook(gno=245, title=Title...244, content=Content...244, writer=user244)
Hibernate: 
    insert 
    into
        guestbook
        (moddate, regdate, content, title, writer) 
    values
        (?, ?, ?, ?, ?)
Guestbook(gno=246, title=Title...245, content=Content...245, writer=user245)
Hibernate: 
    insert 
    into
        guestbook
        (moddate, regdate, content, title, writer) 
    values
        (?, ?, ?, ?, ?)
Guestbook(gno=247, title=Title...246, content=Content...246, writer=user246)
Hibernate: 
    insert 
    into
        guestbook
        (moddate, regdate, content, title, writer) 
    values
        (?, ?, ?, ?, ?)
Guestbook(gno=248, title=Title...247, content=Content...247, writer=user247)
Hibernate: 
    insert 
    into
        guestbook
        (moddate, regdate, content, title, writer) 
    values
        (?, ?, ?, ?, ?)
Guestbook(gno=249, title=Title...248, content=Content...248, writer=user248)
Hibernate: 
    insert 
    into
        guestbook
        (moddate, regdate, content, title, writer) 
    values
        (?, ?, ?, ?, ?)
Guestbook(gno=250, title=Title...249, content=Content...249, writer=user249)
Hibernate: 
    insert 
    into
        guestbook
        (moddate, regdate, content, title, writer) 
    values
        (?, ?, ?, ?, ?)
Guestbook(gno=251, title=Title...250, content=Content...250, writer=user250)
Hibernate: 
    insert 
    into
        guestbook
        (moddate, regdate, content, title, writer) 
    values
        (?, ?, ?, ?, ?)
Guestbook(gno=252, title=Title...251, content=Content...251, writer=user251)
Hibernate: 
    insert 
    into
        guestbook
        (moddate, regdate, content, title, writer) 
    values
        (?, ?, ?, ?, ?)
Guestbook(gno=253, title=Title...252, content=Content...252, writer=user252)
Hibernate: 
    insert 
    into
        guestbook
        (moddate, regdate, content, title, writer) 
    values
        (?, ?, ?, ?, ?)
Guestbook(gno=254, title=Title...253, content=Content...253, writer=user253)
Hibernate: 
    insert 
    into
        guestbook
        (moddate, regdate, content, title, writer) 
    values
        (?, ?, ?, ?, ?)
Guestbook(gno=255, title=Title...254, content=Content...254, writer=user254)
Hibernate: 
    insert 
    into
        guestbook
        (moddate, regdate, content, title, writer) 
    values
        (?, ?, ?, ?, ?)
Guestbook(gno=256, title=Title...255, content=Content...255, writer=user255)
Hibernate: 
    insert 
    into
        guestbook
        (moddate, regdate, content, title, writer) 
    values
        (?, ?, ?, ?, ?)
Guestbook(gno=257, title=Title...256, content=Content...256, writer=user256)
Hibernate: 
    insert 
    into
        guestbook
        (moddate, regdate, content, title, writer) 
    values
        (?, ?, ?, ?, ?)
Guestbook(gno=258, title=Title...257, content=Content...257, writer=user257)
Hibernate: 
    insert 
    into
        guestbook
        (moddate, regdate, content, title, writer) 
    values
        (?, ?, ?, ?, ?)
Guestbook(gno=259, title=Title...258, content=Content...258, writer=user258)
Hibernate: 
    insert 
    into
        guestbook
        (moddate, regdate, content, title, writer) 
    values
        (?, ?, ?, ?, ?)
Guestbook(gno=260, title=Title...259, content=Content...259, writer=user259)
Hibernate: 
    insert 
    into
        guestbook
        (moddate, regdate, content, title, writer) 
    values
        (?, ?, ?, ?, ?)
Guestbook(gno=261, title=Title...260, content=Content...260, writer=user260)
Hibernate: 
    insert 
    into
        guestbook
        (moddate, regdate, content, title, writer) 
    values
        (?, ?, ?, ?, ?)
Guestbook(gno=262, title=Title...261, content=Content...261, writer=user261)
Hibernate: 
    insert 
    into
        guestbook
        (moddate, regdate, content, title, writer) 
    values
        (?, ?, ?, ?, ?)
Guestbook(gno=263, title=Title...262, content=Content...262, writer=user262)
Hibernate: 
    insert 
    into
        guestbook
        (moddate, regdate, content, title, writer) 
    values
        (?, ?, ?, ?, ?)
Guestbook(gno=264, title=Title...263, content=Content...263, writer=user263)
Hibernate: 
    insert 
    into
        guestbook
        (moddate, regdate, content, title, writer) 
    values
        (?, ?, ?, ?, ?)
Guestbook(gno=265, title=Title...264, content=Content...264, writer=user264)
Hibernate: 
    insert 
    into
        guestbook
        (moddate, regdate, content, title, writer) 
    values
        (?, ?, ?, ?, ?)
Guestbook(gno=266, title=Title...265, content=Content...265, writer=user265)
Hibernate: 
    insert 
    into
        guestbook
        (moddate, regdate, content, title, writer) 
    values
        (?, ?, ?, ?, ?)
Guestbook(gno=267, title=Title...266, content=Content...266, writer=user266)
Hibernate: 
    insert 
    into
        guestbook
        (moddate, regdate, content, title, writer) 
    values
        (?, ?, ?, ?, ?)
Guestbook(gno=268, title=Title...267, content=Content...267, writer=user267)
Hibernate: 
    insert 
    into
        guestbook
        (moddate, regdate, content, title, writer) 
    values
        (?, ?, ?, ?, ?)
Guestbook(gno=269, title=Title...268, content=Content...268, writer=user268)
Hibernate: 
    insert 
    into
        guestbook
        (moddate, regdate, content, title, writer) 
    values
        (?, ?, ?, ?, ?)
Guestbook(gno=270, title=Title...269, content=Content...269, writer=user269)
Hibernate: 
    insert 
    into
        guestbook
        (moddate, regdate, content, title, writer) 
    values
        (?, ?, ?, ?, ?)
Guestbook(gno=271, title=Title...270, content=Content...270, writer=user270)
Hibernate: 
    insert 
    into
        guestbook
        (moddate, regdate, content, title, writer) 
    values
        (?, ?, ?, ?, ?)
Guestbook(gno=272, title=Title...271, content=Content...271, writer=user271)
Hibernate: 
    insert 
    into
        guestbook
        (moddate, regdate, content, title, writer) 
    values
        (?, ?, ?, ?, ?)
Guestbook(gno=273, title=Title...272, content=Content...272, writer=user272)
Hibernate: 
    insert 
    into
        guestbook
        (moddate, regdate, content, title, writer) 
    values
        (?, ?, ?, ?, ?)
Guestbook(gno=274, title=Title...273, content=Content...273, writer=user273)
Hibernate: 
    insert 
    into
        guestbook
        (moddate, regdate, content, title, writer) 
    values
        (?, ?, ?, ?, ?)
Guestbook(gno=275, title=Title...274, content=Content...274, writer=user274)
Hibernate: 
    insert 
    into
        guestbook
        (moddate, regdate, content, title, writer) 
    values
        (?, ?, ?, ?, ?)
Guestbook(gno=276, title=Title...275, content=Content...275, writer=user275)
Hibernate: 
    insert 
    into
        guestbook
        (moddate, regdate, content, title, writer) 
    values
        (?, ?, ?, ?, ?)
Guestbook(gno=277, title=Title...276, content=Content...276, writer=user276)
Hibernate: 
    insert 
    into
        guestbook
        (moddate, regdate, content, title, writer) 
    values
        (?, ?, ?, ?, ?)
Guestbook(gno=278, title=Title...277, content=Content...277, writer=user277)
Hibernate: 
    insert 
    into
        guestbook
        (moddate, regdate, content, title, writer) 
    values
        (?, ?, ?, ?, ?)
Guestbook(gno=279, title=Title...278, content=Content...278, writer=user278)
Hibernate: 
    insert 
    into
        guestbook
        (moddate, regdate, content, title, writer) 
    values
        (?, ?, ?, ?, ?)
Guestbook(gno=280, title=Title...279, content=Content...279, writer=user279)
Hibernate: 
    insert 
    into
        guestbook
        (moddate, regdate, content, title, writer) 
    values
        (?, ?, ?, ?, ?)
Guestbook(gno=281, title=Title...280, content=Content...280, writer=user280)
Hibernate: 
    insert 
    into
        guestbook
        (moddate, regdate, content, title, writer) 
    values
        (?, ?, ?, ?, ?)
Guestbook(gno=282, title=Title...281, content=Content...281, writer=user281)
Hibernate: 
    insert 
    into
        guestbook
        (moddate, regdate, content, title, writer) 
    values
        (?, ?, ?, ?, ?)
Guestbook(gno=283, title=Title...282, content=Content...282, writer=user282)
Hibernate: 
    insert 
    into
        guestbook
        (moddate, regdate, content, title, writer) 
    values
        (?, ?, ?, ?, ?)
Guestbook(gno=284, title=Title...283, content=Content...283, writer=user283)
Hibernate: 
    insert 
    into
        guestbook
        (moddate, regdate, content, title, writer) 
    values
        (?, ?, ?, ?, ?)
Guestbook(gno=285, title=Title...284, content=Content...284, writer=user284)
Hibernate: 
    insert 
    into
        guestbook
        (moddate, regdate, content, title, writer) 
    values
        (?, ?, ?, ?, ?)
Guestbook(gno=286, title=Title...285, content=Content...285, writer=user285)
Hibernate: 
    insert 
    into
        guestbook
        (moddate, regdate, content, title, writer) 
    values
        (?, ?, ?, ?, ?)
Guestbook(gno=287, title=Title...286, content=Content...286, writer=user286)
Hibernate: 
    insert 
    into
        guestbook
        (moddate, regdate, content, title, writer) 
    values
        (?, ?, ?, ?, ?)
Guestbook(gno=288, title=Title...287, content=Content...287, writer=user287)
Hibernate: 
    insert 
    into
        guestbook
        (moddate, regdate, content, title, writer) 
    values
        (?, ?, ?, ?, ?)
Guestbook(gno=289, title=Title...288, content=Content...288, writer=user288)
Hibernate: 
    insert 
    into
        guestbook
        (moddate, regdate, content, title, writer) 
    values
        (?, ?, ?, ?, ?)
Guestbook(gno=290, title=Title...289, content=Content...289, writer=user289)
Hibernate: 
    insert 
    into
        guestbook
        (moddate, regdate, content, title, writer) 
    values
        (?, ?, ?, ?, ?)
Guestbook(gno=291, title=Title...290, content=Content...290, writer=user290)
Hibernate: 
    insert 
    into
        guestbook
        (moddate, regdate, content, title, writer) 
    values
        (?, ?, ?, ?, ?)
Guestbook(gno=292, title=Title...291, content=Content...291, writer=user291)
Hibernate: 
    insert 
    into
        guestbook
        (moddate, regdate, content, title, writer) 
    values
        (?, ?, ?, ?, ?)
Guestbook(gno=293, title=Title...292, content=Content...292, writer=user292)
Hibernate: 
    insert 
    into
        guestbook
        (moddate, regdate, content, title, writer) 
    values
        (?, ?, ?, ?, ?)
Guestbook(gno=294, title=Title...293, content=Content...293, writer=user293)
Hibernate: 
    insert 
    into
        guestbook
        (moddate, regdate, content, title, writer) 
    values
        (?, ?, ?, ?, ?)
Guestbook(gno=295, title=Title...294, content=Content...294, writer=user294)
Hibernate: 
    insert 
    into
        guestbook
        (moddate, regdate, content, title, writer) 
    values
        (?, ?, ?, ?, ?)
Guestbook(gno=296, title=Title...295, content=Content...295, writer=user295)
Hibernate: 
    insert 
    into
        guestbook
        (moddate, regdate, content, title, writer) 
    values
        (?, ?, ?, ?, ?)
Guestbook(gno=297, title=Title...296, content=Content...296, writer=user296)
Hibernate: 
    insert 
    into
        guestbook
        (moddate, regdate, content, title, writer) 
    values
        (?, ?, ?, ?, ?)
Guestbook(gno=298, title=Title...297, content=Content...297, writer=user297)
Hibernate: 
    insert 
    into
        guestbook
        (moddate, regdate, content, title, writer) 
    values
        (?, ?, ?, ?, ?)
Guestbook(gno=299, title=Title...298, content=Content...298, writer=user298)
Hibernate: 
    insert 
    into
        guestbook
        (moddate, regdate, content, title, writer) 
    values
        (?, ?, ?, ?, ?)
Guestbook(gno=300, title=Title...299, content=Content...299, writer=user299)
Hibernate: 
    insert 
    into
        guestbook
        (moddate, regdate, content, title, writer) 
    values
        (?, ?, ?, ?, ?)
Guestbook(gno=301, title=Title...300, content=Content...300, writer=user300)
]]></system-out>
  <system-err><![CDATA[]]></system-err>
</testsuite>
